<?xml version="1.0" encoding="UTF-8"?>
<!-- Generated by org.testng.reporters.JUnitReportReporter -->
<testsuite skipped="0" hostname="LAPTOP-V4NAUJNP" name="runner.TestrunnerTestNG" tests="1" failures="0" timestamp="26 okt 2018 07:46:25 GMT" time="8.884" errors="0">
  <testcase name="runScenario" time="8.884" classname="runner.TestrunnerTestNG"/>
</testsuite> <!-- runner.TestrunnerTestNG -->
