<?xml version="1.0" encoding="UTF-8"?>
<!-- Generated by org.testng.reporters.JUnitReportReporter -->
<testsuite skipped="1" hostname="LAPTOP-V4NAUJNP" name="runner.TestrunnerTestNG" tests="1" failures="0" timestamp="26 okt 2018 11:33:36 GMT" time="8.786" errors="0">
  <testcase name="runScenario" time="8.786" classname="runner.TestrunnerTestNG">
    <skipped/>
  </testcase> <!-- runScenario -->
</testsuite> <!-- runner.TestrunnerTestNG -->
