<?xml version="1.0" encoding="UTF-8"?>
<!-- Generated by org.testng.reporters.JUnitReportReporter -->
<testsuite skipped="0" hostname="LAPTOP-V4NAUJNP" name="runner.TestrunnerTestNG" tests="1" failures="0" timestamp="26 okt 2018 11:48:20 GMT" time="7.206" errors="0">
  <testcase name="runScenario" time="7.206" classname="runner.TestrunnerTestNG"/>
</testsuite> <!-- runner.TestrunnerTestNG -->
